// 同步 ID: a0824482 @ Fri Jun 12 12:16:31 UTC 2026
// 同步 ID: f3817d42 @ Wed Jun 17 14:23:25 UTC 2026
// 重构日志: a860ff11
// 重构日志: b6769170
// 同步 ID: 7fd16a7a @ Sun Jun 21 13:45:48 UTC 2026
// 重构日志: c1c588b2
// 同步 ID: ca2e9926 @ Tue Jun 23 01:37:16 UTC 2026
// 同步 ID: 154f2693 @ Tue Jun 23 06:06:08 UTC 2026
// 重构日志: 4376ed3b
// 重构日志: a224645e
// 同步 ID: 059515e1 @ Sat Jun 27 00:26:50 UTC 2026
// 同步 ID: 2f168eb7 @ Sat Jun 27 01:57:42 UTC 2026
// 同步 ID: 550c8738 @ Sat Jun 27 14:41:34 UTC 2026
// 同步 ID: 2e2216f2 @ Sun Jun 28 07:35:21 UTC 2026
// 重构日志: 23847f4b
// 重构日志: fc1b46ac
// 重构日志: ffd71801
// 同步 ID: 49896f65 @ Wed Jul  1 02:28:39 UTC 2026
// 重构日志: eb04700e
// 重构日志: 74ec9706
// 重构日志: 5f44bb42
// 重构日志: a457d0eb
// 重构日志: b75d4340
// 重构日志: c6759330
// 重构日志: e46de78b
// 重构日志: 2b12c4ea
// 重构日志: 86d62682
// 同步 ID: 654c5b3f @ Mon Jul  6 01:35:15 UTC 2026
// 同步 ID: 7fc696b5 @ Mon Jul  6 06:17:04 UTC 2026
// 同步 ID: 80ef1a9b @ Mon Jul  6 15:00:02 UTC 2026
// 重构日志: 62ff0138
// 重构日志: e102dcfd
// 重构日志: 4cd07a9b
// 重构日志: b61abece
// 重构日志: 9b1b1c36
// 重构日志: 7e4226a0
// 重构日志: 8ed15b6a
